# JRE version: OpenJDK Runtime Environment (18.0+36) (build 18+36-2087)
# Java VM: OpenJDK 64-Bit Server VM (18+36-2087, mixed mode, sharing, tiered, compressed oops, compressed class ptrs, g1 gc, windows-amd64)
GC Precious Log:
 CardTable entry size: 512
 Card Set container configuration: InlinePtr #cards 5 size 8 Array Of Cards #cards 12 size 40 Howl #buckets 4 coarsen threshold 1843 Howl Bitmap #cards 512 size 80 coarsen threshold 460 Card regions per heap region 1 cards per card region 2048
 CPUs: 4 total, 4 available
 Memory: 8055M
 Large Page Support: Disabled
 NUMA Support: Disabled
 Compressed Oops: Enabled (32-bit)
 Heap Region Size: 1M
 Heap Min Capacity: 8M
 Heap Initial Capacity: 126M
 Heap Max Capacity: 2014M
 Pre-touch: Disabled
 Parallel Workers: 4
 Concurrent Workers: 1
 Concurrent Refinement Workers: 4
 Periodic GC: Disabled
Heap:
 garbage-first heap   total 129024K, used 61131K [0x0000000082200000, 0x0000000100000000)
  region size 1024K, 55 young (56320K), 3 survivors (3072K)
 Metaspace       used 20844K, committed 21120K, reserved 1114112K
  class space    used 2695K, committed 2880K, reserved 1048576K
GC Heap History (6 events):
Event: 7.335 GC heap before
{Heap before GC invocations=0 (full 0):
 garbage-first heap   total 129024K, used 13312K [0x0000000082200000, 0x0000000100000000)
  region size 1024K, 13 young (13312K), 0 survivors (0K)
 Metaspace       used 2258K, committed 2496K, reserved 1114112K
  class space    used 202K, committed 320K, reserved 1048576K
}
Event: 7.404 GC heap after
{Heap after GC invocations=1 (full 0):
 garbage-first heap   total 129024K, used 7406K [0x0000000082200000, 0x0000000100000000)
  region size 1024K, 2 young (2048K), 2 survivors (2048K)
 Metaspace       used 2258K, committed 2496K, reserved 1114112K
  class space    used 202K, committed 320K, reserved 1048576K
}
Event: 9.070 GC heap before
{Heap before GC invocations=1 (full 0):
 garbage-first heap   total 129024K, used 15598K [0x0000000082200000, 0x0000000100000000)
  region size 1024K, 10 young (10240K), 2 survivors (2048K)
 Metaspace       used 4008K, committed 4160K, reserved 1114112K
  class space    used 460K, committed 512K, reserved 1048576K
}
Event: 9.075 GC heap after
{Heap after GC invocations=2 (full 0):
 garbage-first heap   total 129024K, used 7727K [0x0000000082200000, 0x0000000100000000)
  region size 1024K, 1 young (1024K), 1 survivors (1024K)
 Metaspace       used 4008K, committed 4160K, reserved 1114112K
  class space    used 460K, committed 512K, reserved 1048576K
}
Event: 12.923 GC heap before
{Heap before GC invocations=2 (full 0):
 garbage-first heap   total 129024K, used 29231K [0x0000000082200000, 0x0000000100000000)
  region size 1024K, 22 young (22528K), 1 survivors (1024K)
 Metaspace       used 9326K, committed 9536K, reserved 1114112K
  class space    used 1126K, committed 1216K, reserved 1048576K
}
Event: 12.930 GC heap after
{Heap after GC invocations=3 (full 0):
 garbage-first heap   total 129024K, used 9931K [0x0000000082200000, 0x0000000100000000)
  region size 1024K, 3 young (3072K), 3 survivors (3072K)
 Metaspace       used 9326K, committed 9536K, reserved 1114112K
  class space    used 1126K, committed 1216K, reserved 1048576K
}

